<?xml version="1.0" encoding="UTF-8"?>
<!-- Generated by org.testng.reporters.JUnitReportReporter -->
<testsuite hostname="DESKTOP-66JJNVF" failures="0" tests="2" name="testNGPkg.AllAnnotations" time="0.007" errors="0" timestamp="2021-12-24T19:47:24 MST" skipped="0">
  <testcase classname="testNGPkg.AllAnnotations" name="testMethod" time="0.006"/>
  <system-out/>
  <testcase classname="testNGPkg.AllAnnotations" name="testMethod1" time="0.001"/>
  <system-out/>
</testsuite> <!-- testNGPkg.AllAnnotations -->
