<?xml version="1.0" encoding="UTF-8"?>
<!-- Generated by org.testng.reporters.JUnitReportReporter -->
<testsuite hostname="DESKTOP-66JJNVF" failures="0" tests="1" name="testNGPkg.MultipleBeforeMethods" time="0.011" errors="0" timestamp="2021-12-27T19:00:06 MST" skipped="0">
  <testcase classname="testNGPkg.MultipleBeforeMethods" name="testMethod" time="0.011"/>
  <system-out/>
</testsuite> <!-- testNGPkg.MultipleBeforeMethods -->
