<?xml version="1.0" encoding="UTF-8"?>
<!-- Generated by org.testng.reporters.JUnitReportReporter -->
<testsuite hostname="DESKTOP-66JJNVF" failures="0" tests="3" name="testNGPkg.DependsOnMethods" time="0.014" errors="0" timestamp="2021-12-27T19:18:33 MST" skipped="0">
  <testcase classname="testNGPkg.DependsOnMethods" name="testMethod3" time="0.007"/>
  <system-out/>
  <testcase classname="testNGPkg.DependsOnMethods" name="testMethod1" time="0.001"/>
  <system-out/>
  <testcase classname="testNGPkg.DependsOnMethods" name="testMethod2" time="0.006"/>
  <system-out/>
</testsuite> <!-- testNGPkg.DependsOnMethods -->
