<?xml version="1.0" encoding="UTF-8"?>
<!-- Generated by org.testng.reporters.JUnitReportReporter -->
<testsuite hostname="DESKTOP-66JJNVF" failures="0" tests="7" name="testNGPkg.Priority" time="0.011" errors="0" timestamp="2021-12-29T19:33:42 MST" skipped="1">
  <testcase classname="testNGPkg.Priority" name="method2" time="0.007"/>
  <system-out/>
  <testcase classname="testNGPkg.Priority" name="method3" time="0.001"/>
  <system-out/>
  <testcase classname="testNGPkg.Priority" name="method3" time="0.001"/>
  <system-out/>
  <testcase classname="testNGPkg.Priority" name="method3" time="0.001"/>
  <system-out/>
  <testcase classname="testNGPkg.Priority" name="method3" time="0.001"/>
  <system-out/>
  <testcase classname="testNGPkg.Priority" name="method3" time="0.000"/>
  <system-out/>
  <testcase classname="testNGPkg.Priority" name="method1">
    <skipped/>
  </testcase> <!-- method1 -->
  <system-out/>
</testsuite> <!-- testNGPkg.Priority -->
