<?xml version="1.0" encoding="UTF-8"?>
<!-- Generated by org.testng.reporters.JUnitReportReporter -->
<testsuite hostname="DESKTOP-66JJNVF" failures="0" tests="3" name="testNGPkg.MethodsIncludeExclude" time="0.011" errors="0" timestamp="2021-12-28T18:44:16 MST" skipped="0">
  <testcase classname="testNGPkg.MethodsIncludeExclude" name="method2" time="0.001"/>
  <system-out/>
  <testcase classname="testNGPkg.MethodsIncludeExclude" name="method4" time="0.002"/>
  <system-out/>
  <testcase classname="testNGPkg.MethodsIncludeExclude" name="method1" time="0.008"/>
  <system-out/>
</testsuite> <!-- testNGPkg.MethodsIncludeExclude -->
