<?xml version="1.0" encoding="UTF-8"?>
<!-- Generated by org.testng.reporters.JUnitReportReporter -->
<testsuite hostname="DESKTOP-66JJNVF" failures="0" tests="2" name="testNGPkg.GroupExamples" time="0.012" errors="0" timestamp="2021-12-28T19:09:48 MST" skipped="0">
  <testcase classname="testNGPkg.GroupExamples" name="method3" time="0.002"/>
  <system-out/>
  <testcase classname="testNGPkg.GroupExamples" name="method1" time="0.010"/>
  <system-out/>
</testsuite> <!-- testNGPkg.GroupExamples -->
