<?xml version="1.0" encoding="UTF-8"?>
<!-- Generated by org.testng.reporters.JUnitReportReporter -->
<testsuite hostname="DESKTOP-66JJNVF" failures="0" tests="6" name="testNGPkg.DependsOnMethodAndGroups" time="0.018" errors="0" timestamp="2021-12-30T16:45:17 MST" skipped="0">
  <testcase classname="testNGPkg.DependsOnMethodAndGroups" name="updateMethod" time="0.001"/>
  <system-out/>
  <testcase classname="testNGPkg.DependsOnMethodAndGroups" name="insert" time="0.001"/>
  <system-out/>
  <testcase classname="testNGPkg.DependsOnMethodAndGroups" name="deleteMethod" time="0.002"/>
  <system-out/>
  <testcase classname="testNGPkg.DependsOnMethodAndGroups" name="selectMethod" time="0.001"/>
  <system-out/>
  <testcase classname="testNGPkg.DependsOnMethodAndGroups" name="cleanUpMethod" time="0.001"/>
  <system-out/>
  <testcase classname="testNGPkg.DependsOnMethodAndGroups" name="init" time="0.012"/>
  <system-out/>
</testsuite> <!-- testNGPkg.DependsOnMethodAndGroups -->
